# JRE version: OpenJDK Runtime Environment (8.0_222-b10) (build 1.8.0_222-8u222-b10-1ubuntu1~16.04.1-b10)
# Java VM: OpenJDK 64-Bit Server VM (25.222-b10 mixed mode linux-amd64 compressed oops)
Heap:
 PSYoungGen      total 244224K, used 10737K [0x00000000d7380000, 0x00000000e7c80000, 0x0000000100000000)
  eden space 233472K, 0% used [0x00000000d7380000,0x00000000d7380000,0x00000000e5780000)
  from space 10752K, 99% used [0x00000000e6780000,0x00000000e71fc638,0x00000000e7200000)
  to   space 7168K, 0% used [0x00000000e7580000,0x00000000e7580000,0x00000000e7c80000)
 ParOldGen       total 49152K, used 19771K [0x0000000085a00000, 0x0000000088a00000, 0x00000000d7380000)
  object space 49152K, 40% used [0x0000000085a00000,0x0000000086d4ee08,0x0000000088a00000)
 Metaspace       used 34569K, capacity 35160K, committed 35416K, reserved 1079296K
  class space    used 4510K, capacity 4684K, committed 4736K, reserved 1048576K
GC Heap History (10 events):
Event: 1.865 GC heap after
Heap after GC invocations=5 (full 0):
 PSYoungGen      total 68608K, used 5092K [0x00000000d7380000, 0x00000000e0480000, 0x0000000100000000)
  eden space 63488K, 0% used [0x00000000d7380000,0x00000000d7380000,0x00000000db180000)
  from space 5120K, 99% used [0x00000000db180000,0x00000000db6791c8,0x00000000db680000)
  to   space 10752K, 0% used [0x00000000dfa00000,0x00000000dfa00000,0x00000000e0480000)
 ParOldGen       total 84992K, used 8475K [0x0000000085a00000, 0x000000008ad00000, 0x00000000d7380000)
  object space 84992K, 9% used [0x0000000085a00000,0x0000000086246fc8,0x000000008ad00000)
 Metaspace       used 19585K, capacity 19936K, committed 20096K, reserved 1067008K
  class space    used 2457K, capacity 2581K, committed 2688K, reserved 1048576K
}
Event: 2.080 GC heap before
{Heap before GC invocations=6 (full 0):
 PSYoungGen      total 68608K, used 68580K [0x00000000d7380000, 0x00000000e0480000, 0x0000000100000000)
  eden space 63488K, 100% used [0x00000000d7380000,0x00000000db180000,0x00000000db180000)
  from space 5120K, 99% used [0x00000000db180000,0x00000000db6791c8,0x00000000db680000)
  to   space 10752K, 0% used [0x00000000dfa00000,0x00000000dfa00000,0x00000000e0480000)
 ParOldGen       total 84992K, used 8475K [0x0000000085a00000, 0x000000008ad00000, 0x00000000d7380000)
  object space 84992K, 9% used [0x0000000085a00000,0x0000000086246fc8,0x000000008ad00000)
 Metaspace       used 20620K, capacity 21052K, committed 21248K, reserved 1067008K
  class space    used 2622K, capacity 2754K, committed 2816K, reserved 1048576K
Event: 2.085 GC heap after
Heap after GC invocations=6 (full 0):
 PSYoungGen      total 137216K, used 8805K [0x00000000d7380000, 0x00000000e0580000, 0x0000000100000000)
  eden space 126464K, 0% used [0x00000000d7380000,0x00000000d7380000,0x00000000def00000)
  from space 10752K, 81% used [0x00000000dfa00000,0x00000000e02995a8,0x00000000e0480000)
  to   space 11264K, 0% used [0x00000000def00000,0x00000000def00000,0x00000000dfa00000)
 ParOldGen       total 84992K, used 8483K [0x0000000085a00000, 0x000000008ad00000, 0x00000000d7380000)
  object space 84992K, 9% used [0x0000000085a00000,0x0000000086248fc8,0x000000008ad00000)
 Metaspace       used 20620K, capacity 21052K, committed 21248K, reserved 1067008K
  class space    used 2622K, capacity 2754K, committed 2816K, reserved 1048576K
}
Event: 2.101 GC heap before
{Heap before GC invocations=7 (full 0):
 PSYoungGen      total 137216K, used 14673K [0x00000000d7380000, 0x00000000e0580000, 0x0000000100000000)
  eden space 126464K, 4% used [0x00000000d7380000,0x00000000d793b1c8,0x00000000def00000)
  from space 10752K, 81% used [0x00000000dfa00000,0x00000000e02995a8,0x00000000e0480000)
  to   space 11264K, 0% used [0x00000000def00000,0x00000000def00000,0x00000000dfa00000)
 ParOldGen       total 84992K, used 8483K [0x0000000085a00000, 0x000000008ad00000, 0x00000000d7380000)
  object space 84992K, 9% used [0x0000000085a00000,0x0000000086248fc8,0x000000008ad00000)
 Metaspace       used 20757K, capacity 21160K, committed 21248K, reserved 1067008K
  class space    used 2640K, capacity 2788K, committed 2816K, reserved 1048576K
Event: 2.107 GC heap after
Heap after GC invocations=7 (full 0):
 PSYoungGen      total 137728K, used 5213K [0x00000000d7380000, 0x00000000e8080000, 0x0000000100000000)
  eden space 126464K, 0% used [0x00000000d7380000,0x00000000d7380000,0x00000000def00000)
  from space 11264K, 46% used [0x00000000def00000,0x00000000df4175e0,0x00000000dfa00000)
  to   space 11264K, 0% used [0x00000000e7580000,0x00000000e7580000,0x00000000e8080000)
 ParOldGen       total 84992K, used 10347K [0x0000000085a00000, 0x000000008ad00000, 0x00000000d7380000)
  object space 84992K, 12% used [0x0000000085a00000,0x000000008641aea0,0x000000008ad00000)
 Metaspace       used 20757K, capacity 21160K, committed 21248K, reserved 1067008K
  class space    used 2640K, capacity 2788K, committed 2816K, reserved 1048576K
}
Event: 2.107 GC heap before
{Heap before GC invocations=8 (full 1):
 PSYoungGen      total 137728K, used 5213K [0x00000000d7380000, 0x00000000e8080000, 0x0000000100000000)
  eden space 126464K, 0% used [0x00000000d7380000,0x00000000d7380000,0x00000000def00000)
  from space 11264K, 46% used [0x00000000def00000,0x00000000df4175e0,0x00000000dfa00000)
  to   space 11264K, 0% used [0x00000000e7580000,0x00000000e7580000,0x00000000e8080000)
 ParOldGen       total 84992K, used 10347K [0x0000000085a00000, 0x000000008ad00000, 0x00000000d7380000)
  object space 84992K, 12% used [0x0000000085a00000,0x000000008641aea0,0x000000008ad00000)
 Metaspace       used 20757K, capacity 21160K, committed 21248K, reserved 1067008K
  class space    used 2640K, capacity 2788K, committed 2816K, reserved 1048576K
Event: 2.132 GC heap after
Heap after GC invocations=8 (full 1):
 PSYoungGen      total 137728K, used 0K [0x00000000d7380000, 0x00000000e8080000, 0x0000000100000000)
  eden space 126464K, 0% used [0x00000000d7380000,0x00000000d7380000,0x00000000def00000)
  from space 11264K, 0% used [0x00000000def00000,0x00000000def00000,0x00000000dfa00000)
  to   space 11264K, 0% used [0x00000000e7580000,0x00000000e7580000,0x00000000e8080000)
 ParOldGen       total 49152K, used 8509K [0x0000000085a00000, 0x0000000088a00000, 0x00000000d7380000)
  object space 49152K, 17% used [0x0000000085a00000,0x000000008624f5e0,0x0000000088a00000)
 Metaspace       used 20757K, capacity 21160K, committed 21248K, reserved 1067008K
  class space    used 2640K, capacity 2788K, committed 2816K, reserved 1048576K
}
Event: 2.626 GC heap before
{Heap before GC invocations=9 (full 1):
 PSYoungGen      total 137728K, used 126464K [0x00000000d7380000, 0x00000000e8080000, 0x0000000100000000)
  eden space 126464K, 100% used [0x00000000d7380000,0x00000000def00000,0x00000000def00000)
  from space 11264K, 0% used [0x00000000def00000,0x00000000def00000,0x00000000dfa00000)
  to   space 11264K, 0% used [0x00000000e7580000,0x00000000e7580000,0x00000000e8080000)
 ParOldGen       total 49152K, used 8509K [0x0000000085a00000, 0x0000000088a00000, 0x00000000d7380000)
  object space 49152K, 17% used [0x0000000085a00000,0x000000008624f5e0,0x0000000088a00000)
 Metaspace       used 24344K, capacity 24858K, committed 25088K, reserved 1071104K
  class space    used 3180K, capacity 3319K, committed 3328K, reserved 1048576K
Event: 2.631 GC heap after
Heap after GC invocations=9 (full 1):
 PSYoungGen      total 240640K, used 7110K [0x00000000d7380000, 0x00000000e7c80000, 0x0000000100000000)
  eden space 233472K, 0% used [0x00000000d7380000,0x00000000d7380000,0x00000000e5780000)
  from space 7168K, 99% used [0x00000000e7580000,0x00000000e7c71aa8,0x00000000e7c80000)
  to   space 10752K, 0% used [0x00000000e6780000,0x00000000e6780000,0x00000000e7200000)
 ParOldGen       total 49152K, used 8517K [0x0000000085a00000, 0x0000000088a00000, 0x00000000d7380000)
  object space 49152K, 17% used [0x0000000085a00000,0x00000000862515e0,0x0000000088a00000)
 Metaspace       used 24344K, capacity 24858K, committed 25088K, reserved 1071104K
  class space    used 3180K, capacity 3319K, committed 3328K, reserved 1048576K
}
Event: 24.464 GC heap before
{Heap before GC invocations=10 (full 1):
 PSYoungGen      total 240640K, used 240582K [0x00000000d7380000, 0x00000000e7c80000, 0x0000000100000000)
  eden space 233472K, 100% used [0x00000000d7380000,0x00000000e5780000,0x00000000e5780000)
  from space 7168K, 99% used [0x00000000e7580000,0x00000000e7c71aa8,0x00000000e7c80000)
  to   space 10752K, 0% used [0x00000000e6780000,0x00000000e6780000,0x00000000e7200000)
 ParOldGen       total 49152K, used 8517K [0x0000000085a00000, 0x0000000088a00000, 0x00000000d7380000)
  object space 49152K, 17% used [0x0000000085a00000,0x00000000862515e0,0x0000000088a00000)
 Metaspace       used 34569K, capacity 35160K, committed 35416K, reserved 1079296K
  class space    used 4510K, capacity 4684K, committed 4736K, reserved 1048576K

