# JRE version: OpenJDK Runtime Environment (8.0_222-b10) (build 1.8.0_222-8u222-b10-1ubuntu1~16.04.1-b10)
# Java VM: OpenJDK 64-Bit Server VM (25.222-b10 mixed mode linux-amd64 compressed oops)
Heap:
 PSYoungGen      total 356352K, used 12598K [0x00000000d7380000, 0x00000000ee280000, 0x0000000100000000)
  eden space 338944K, 0% used [0x00000000d7380000,0x00000000d7380000,0x00000000ebe80000)
  from space 17408K, 72% used [0x00000000ed180000,0x00000000eddcd890,0x00000000ee280000)
  to   space 17920K, 0% used [0x00000000ebe80000,0x00000000ebe80000,0x00000000ed000000)
 ParOldGen       total 87040K, used 32763K [0x0000000085a00000, 0x000000008af00000, 0x00000000d7380000)
  object space 87040K, 37% used [0x0000000085a00000,0x00000000879fec70,0x000000008af00000)
 Metaspace       used 49113K, capacity 49840K, committed 49920K, reserved 1093632K
  class space    used 6452K, capacity 6647K, committed 6656K, reserved 1048576K
GC Heap History (10 events):
Event: 2.894 GC heap after
Heap after GC invocations=10 (full 1):
 PSYoungGen      total 260608K, used 10721K [0x00000000d7380000, 0x00000000ee000000, 0x0000000100000000)
  eden space 249856K, 0% used [0x00000000d7380000,0x00000000d7380000,0x00000000e6780000)
  from space 10752K, 99% used [0x00000000e6780000,0x00000000e71f8668,0x00000000e7200000)
  to   space 16384K, 0% used [0x00000000ed000000,0x00000000ed000000,0x00000000ee000000)
 ParOldGen       total 49664K, used 19801K [0x0000000085a00000, 0x0000000088a80000, 0x00000000d7380000)
  object space 49664K, 39% used [0x0000000085a00000,0x0000000086d56648,0x0000000088a80000)
 Metaspace       used 34673K, capacity 35258K, committed 35456K, reserved 1079296K
  class space    used 4518K, capacity 4679K, committed 4736K, reserved 1048576K
}
Event: 2.894 GC heap before
{Heap before GC invocations=11 (full 2):
 PSYoungGen      total 260608K, used 10721K [0x00000000d7380000, 0x00000000ee000000, 0x0000000100000000)
  eden space 249856K, 0% used [0x00000000d7380000,0x00000000d7380000,0x00000000e6780000)
  from space 10752K, 99% used [0x00000000e6780000,0x00000000e71f8668,0x00000000e7200000)
  to   space 16384K, 0% used [0x00000000ed000000,0x00000000ed000000,0x00000000ee000000)
 ParOldGen       total 49664K, used 19801K [0x0000000085a00000, 0x0000000088a80000, 0x00000000d7380000)
  object space 49664K, 39% used [0x0000000085a00000,0x0000000086d56648,0x0000000088a80000)
 Metaspace       used 34673K, capacity 35258K, committed 35456K, reserved 1079296K
  class space    used 4518K, capacity 4679K, committed 4736K, reserved 1048576K
Event: 2.947 GC heap after
Heap after GC invocations=11 (full 2):
 PSYoungGen      total 260608K, used 0K [0x00000000d7380000, 0x00000000ee000000, 0x0000000100000000)
  eden space 249856K, 0% used [0x00000000d7380000,0x00000000d7380000,0x00000000e6780000)
  from space 10752K, 0% used [0x00000000e6780000,0x00000000e6780000,0x00000000e7200000)
  to   space 16384K, 0% used [0x00000000ed000000,0x00000000ed000000,0x00000000ee000000)
 ParOldGen       total 87040K, used 29535K [0x0000000085a00000, 0x000000008af00000, 0x00000000d7380000)
  object space 87040K, 33% used [0x0000000085a00000,0x00000000876d7d68,0x000000008af00000)
 Metaspace       used 34673K, capacity 35258K, committed 35456K, reserved 1079296K
  class space    used 4518K, capacity 4679K, committed 4736K, reserved 1048576K
}
Event: 3.972 GC heap before
{Heap before GC invocations=12 (full 2):
 PSYoungGen      total 260608K, used 249856K [0x00000000d7380000, 0x00000000ee000000, 0x0000000100000000)
  eden space 249856K, 100% used [0x00000000d7380000,0x00000000e6780000,0x00000000e6780000)
  from space 10752K, 0% used [0x00000000e6780000,0x00000000e6780000,0x00000000e7200000)
  to   space 16384K, 0% used [0x00000000ed000000,0x00000000ed000000,0x00000000ee000000)
 ParOldGen       total 87040K, used 29535K [0x0000000085a00000, 0x000000008af00000, 0x00000000d7380000)
  object space 87040K, 33% used [0x0000000085a00000,0x00000000876d7d68,0x000000008af00000)
 Metaspace       used 42667K, capacity 43238K, committed 43392K, reserved 1087488K
  class space    used 5566K, capacity 5695K, committed 5760K, reserved 1048576K
Event: 3.984 GC heap after
Heap after GC invocations=12 (full 2):
 PSYoungGen      total 355328K, used 14824K [0x00000000d7380000, 0x00000000ee380000, 0x0000000100000000)
  eden space 338944K, 0% used [0x00000000d7380000,0x00000000d7380000,0x00000000ebe80000)
  from space 16384K, 90% used [0x00000000ed000000,0x00000000ede7a098,0x00000000ee000000)
  to   space 17920K, 0% used [0x00000000ebe80000,0x00000000ebe80000,0x00000000ed000000)
 ParOldGen       total 87040K, used 29543K [0x0000000085a00000, 0x000000008af00000, 0x00000000d7380000)
  object space 87040K, 33% used [0x0000000085a00000,0x00000000876d9d68,0x000000008af00000)
 Metaspace       used 42667K, capacity 43238K, committed 43392K, reserved 1087488K
  class space    used 5566K, capacity 5695K, committed 5760K, reserved 1048576K
}
Event: 74.513 GC heap before
{Heap before GC invocations=13 (full 2):
 PSYoungGen      total 355328K, used 273299K [0x00000000d7380000, 0x00000000ee380000, 0x0000000100000000)
  eden space 338944K, 76% used [0x00000000d7380000,0x00000000e6feacb8,0x00000000ebe80000)
  from space 16384K, 90% used [0x00000000ed000000,0x00000000ede7a098,0x00000000ee000000)
  to   space 17920K, 0% used [0x00000000ebe80000,0x00000000ebe80000,0x00000000ed000000)
 ParOldGen       total 87040K, used 29543K [0x0000000085a00000, 0x000000008af00000, 0x00000000d7380000)
  object space 87040K, 33% used [0x0000000085a00000,0x00000000876d9d68,0x000000008af00000)
 Metaspace       used 48756K, capacity 49346K, committed 49664K, reserved 1091584K
  class space    used 6391K, capacity 6545K, committed 6656K, reserved 1048576K
Event: 74.547 GC heap after
Heap after GC invocations=13 (full 2):
 PSYoungGen      total 356864K, used 9891K [0x00000000d7380000, 0x00000000ee280000, 0x0000000100000000)
  eden space 338944K, 0% used [0x00000000d7380000,0x00000000d7380000,0x00000000ebe80000)
  from space 17920K, 55% used [0x00000000ebe80000,0x00000000ec828c58,0x00000000ed000000)
  to   space 17408K, 0% used [0x00000000ed180000,0x00000000ed180000,0x00000000ee280000)
 ParOldGen       total 87040K, used 36631K [0x0000000085a00000, 0x000000008af00000, 0x00000000d7380000)
  object space 87040K, 42% used [0x0000000085a00000,0x0000000087dc5c38,0x000000008af00000)
 Metaspace       used 48756K, capacity 49346K, committed 49664K, reserved 1091584K
  class space    used 6391K, capacity 6545K, committed 6656K, reserved 1048576K
}
Event: 74.547 GC heap before
{Heap before GC invocations=14 (full 3):
 PSYoungGen      total 356864K, used 9891K [0x00000000d7380000, 0x00000000ee280000, 0x0000000100000000)
  eden space 338944K, 0% used [0x00000000d7380000,0x00000000d7380000,0x00000000ebe80000)
  from space 17920K, 55% used [0x00000000ebe80000,0x00000000ec828c58,0x00000000ed000000)
  to   space 17408K, 0% used [0x00000000ed180000,0x00000000ed180000,0x00000000ee280000)
 ParOldGen       total 87040K, used 36631K [0x0000000085a00000, 0x000000008af00000, 0x00000000d7380000)
  object space 87040K, 42% used [0x0000000085a00000,0x0000000087dc5c38,0x000000008af00000)
 Metaspace       used 48756K, capacity 49346K, committed 49664K, reserved 1091584K
  class space    used 6391K, capacity 6545K, committed 6656K, reserved 1048576K
Event: 74.693 GC heap after
Heap after GC invocations=14 (full 3):
 PSYoungGen      total 356864K, used 0K [0x00000000d7380000, 0x00000000ee280000, 0x0000000100000000)
  eden space 338944K, 0% used [0x00000000d7380000,0x00000000d7380000,0x00000000ebe80000)
  from space 17920K, 0% used [0x00000000ebe80000,0x00000000ebe80000,0x00000000ed000000)
  to   space 17408K, 0% used [0x00000000ed180000,0x00000000ed180000,0x00000000ee280000)
 ParOldGen       total 87040K, used 32755K [0x0000000085a00000, 0x000000008af00000, 0x00000000d7380000)
  object space 87040K, 37% used [0x0000000085a00000,0x00000000879fcc70,0x000000008af00000)
 Metaspace       used 48734K, capacity 49310K, committed 49664K, reserved 1091584K
  class space    used 6387K, capacity 6539K, committed 6656K, reserved 1048576K
}
Event: 88.723 GC heap before
{Heap before GC invocations=15 (full 3):
 PSYoungGen      total 356864K, used 338944K [0x00000000d7380000, 0x00000000ee280000, 0x0000000100000000)
  eden space 338944K, 100% used [0x00000000d7380000,0x00000000ebe80000,0x00000000ebe80000)
  from space 17920K, 0% used [0x00000000ebe80000,0x00000000ebe80000,0x00000000ed000000)
  to   space 17408K, 0% used [0x00000000ed180000,0x00000000ed180000,0x00000000ee280000)
 ParOldGen       total 87040K, used 32755K [0x0000000085a00000, 0x000000008af00000, 0x00000000d7380000)
  object space 87040K, 37% used [0x0000000085a00000,0x00000000879fcc70,0x000000008af00000)
 Metaspace       used 49113K, capacity 49840K, committed 49920K, reserved 1093632K
  class space    used 6452K, capacity 6647K, committed 6656K, reserved 1048576K

